<?xml version="1.0" encoding="UTF-8"?>
<!-- Generated by org.testng.reporters.JUnitReportReporter -->
<testsuite hostname="LAPTOP-MNC46J3J" failures="0" tests="1" name="com.Restaurant.Testcases.VerifyPeoplePageTest" time="21.679" errors="0" timestamp="2022-12-14T19:01:31 IST" skipped="0">
  <testcase classname="com.Restaurant.Testcases.VerifyPeoplePageTest" name="VerifyPeoplePage" time="21.679"/>
  <system-out/>
</testsuite> <!-- com.Restaurant.Testcases.VerifyPeoplePageTest -->
