<?xml version="1.0" encoding="UTF-8"?>
<!-- Generated by org.testng.reporters.JUnitReportReporter -->
<testsuite hostname="LAPTOP-MNC46J3J" failures="0" tests="4" name="com.Restaurant.Testcases.VerifyvaliduserLoginTest" time="47.807" errors="0" timestamp="2022-12-26T11:19:32 IST" skipped="0">
  <testcase classname="com.Restaurant.Testcases.VerifyvaliduserLoginTest" name="VerifyInvalidUserLogin" time="3.164"/>
  <system-out/>
  <testcase classname="com.Restaurant.Testcases.VerifyvaliduserLoginTest" name="VerifyInvalidUserLogin" time="19.275"/>
  <system-out/>
  <testcase classname="com.Restaurant.Testcases.VerifyvaliduserLoginTest" name="VerifyInvalidUserLogin" time="3.099"/>
  <system-out/>
  <testcase classname="com.Restaurant.Testcases.VerifyvaliduserLoginTest" name="VerifyUserLogin" time="22.269"/>
  <system-out/>
</testsuite> <!-- com.Restaurant.Testcases.VerifyvaliduserLoginTest -->
