<?xml version="1.0" encoding="UTF-8"?>
<!-- Generated by org.testng.reporters.JUnitReportReporter -->
<testsuite hostname="LAPTOP-MNC46J3J" failures="0" tests="1" name="com.Restaurant.Testcases.VerfifySalesPageTest" time="18.812" errors="0" timestamp="2022-12-19T01:38:20 IST" skipped="0">
  <testcase classname="com.Restaurant.Testcases.VerfifySalesPageTest" name="VerifySales" time="18.812"/>
  <system-out/>
</testsuite> <!-- com.Restaurant.Testcases.VerfifySalesPageTest -->
