<?xml version="1.0" encoding="UTF-8"?>
<!-- Generated by org.testng.reporters.JUnitReportReporter -->
<testsuite hostname="LAPTOP-MNC46J3J" failures="0" tests="1" name="com.Restaurant.Testcases.VerifyCustomerPageTest" time="29.076" errors="0" timestamp="2022-12-14T12:40:33 IST" skipped="0">
  <testcase classname="com.Restaurant.Testcases.VerifyCustomerPageTest" name="VerifyCustPage" time="29.076"/>
  <system-out/>
</testsuite> <!-- com.Restaurant.Testcases.VerifyCustomerPageTest -->
