<?xml version="1.0" encoding="UTF-8"?>
<!-- Generated by org.testng.reporters.JUnitReportReporter -->
<testsuite hostname="LAPTOP-MNC46J3J" failures="0" tests="4" name="com.Restaurant.Testcases.VerifyReportPageTest" time="99.868" errors="0" timestamp="2022-12-26T11:19:32 IST" skipped="0">
  <testcase classname="com.Restaurant.Testcases.VerifyReportPageTest" name="VerifyReportPage" time="27.271"/>
  <system-out/>
  <testcase classname="com.Restaurant.Testcases.VerifyReportPageTest" name="VerifyReportPageClientStat" time="29.777"/>
  <system-out/>
  <testcase classname="com.Restaurant.Testcases.VerifyReportPageTest" name="VerifyReportProductStat" time="10.986"/>
  <system-out/>
  <testcase classname="com.Restaurant.Testcases.VerifyReportPageTest" name="VerifyReportStoreStat" time="31.834"/>
  <system-out/>
</testsuite> <!-- com.Restaurant.Testcases.VerifyReportPageTest -->
