<?xml version="1.0" encoding="UTF-8"?>
<!-- Generated by org.testng.reporters.JUnitReportReporter -->
<testsuite skipped="0" hostname="LAPTOP-MNC46J3J" name="com.Restaurant.Testcases.VerifyvaliduserLoginTest" tests="4" failures="0" timestamp="2022-12-14T08:42:50 IST" time="51.848" errors="0">
  <testcase name="VerifyInvalidUserLogin" time="3.781" classname="com.Restaurant.Testcases.VerifyvaliduserLoginTest"/>
  <system-out/>
  <testcase name="VerifyInvalidUserLogin" time="20.101" classname="com.Restaurant.Testcases.VerifyvaliduserLoginTest"/>
  <system-out/>
  <testcase name="VerifyInvalidUserLogin" time="4.919" classname="com.Restaurant.Testcases.VerifyvaliduserLoginTest"/>
  <system-out/>
  <testcase name="VerifyUserLogin" time="23.047" classname="com.Restaurant.Testcases.VerifyvaliduserLoginTest"/>
  <system-out/>
</testsuite> <!-- com.Restaurant.Testcases.VerifyvaliduserLoginTest -->
